app/build/outputs/logs/manifest-merger-debug-report.txt
-- Merging decision tree log ---
manifest
ADDED from src\main\AndroidManifest.xml:2:1-422:12
	package
		ADDED from src\main\AndroidManifest.xml:4:5-37
		INJECTED from src\main\AndroidManifest.xml
		INJECTED from src\main\AndroidManifest.xml
	android:versionName
		ADDED from src\main\AndroidManifest.xml:6:5-34
		INJECTED from src\main\AndroidManifest.xml
		INJECTED from src\main\AndroidManifest.xml
	xmlns:tools
		ADDED from src\main\AndroidManifest.xml:3:5-51
	android:versionCode
		ADDED from src\main\AndroidManifest.xml:5:5-29
		INJECTED from src\main\AndroidManifest.xml
		INJECTED from src\main\AndroidManifest.xml
	xmlns:android
		ADDED from src\main\AndroidManifest.xml:2:11-69
uses-permission#android.permission.VIBRATE
ADDED from src\main\AndroidManifest.xml:8:5-66
	android:name
		ADDED from src\main\AndroidManifest.xml:8:22-63
uses-permission#android.permission.INTERNET
ADDED from src\main\AndroidManifest.xml:9:5-67
MERGED from [ChatDemoUI3.0:hmspush:unspecified] AndroidManifest.xml:12:5-67
MERGED from [com.google.firebase:firebase-analytics:11.4.0] AndroidManifest.xml:20:5-66
MERGED from [com.google.firebase:firebase-analytics-impl:11.4.0] AndroidManifest.xml:20:5-66
MERGED from [com.google.firebase:firebase-iid:11.4.0] AndroidManifest.xml:20:5-66
	android:name
		ADDED from src\main\AndroidManifest.xml:9:22-64
uses-permission#android.permission.RECORD_AUDIO
ADDED from src\main\AndroidManifest.xml:10:5-71
	android:name
		ADDED from src\main\AndroidManifest.xml:10:22-68
uses-permission#android.permission.CAMERA
ADDED from src\main\AndroidManifest.xml:11:5-65
	android:name
		ADDED from src\main\AndroidManifest.xml:11:22-62
uses-permission#android.permission.ACCESS_NETWORK_STATE
ADDED from src\main\AndroidManifest.xml:12:5-79
MERGED from [ChatDemoUI3.0:hmspush:unspecified] AndroidManifest.xml:16:5-79
MERGED from [com.google.firebase:firebase-analytics:11.4.0] AndroidManifest.xml:21:5-78
MERGED from [com.google.firebase:firebase-analytics-impl:11.4.0] AndroidManifest.xml:21:5-78
MERGED from [com.google.firebase:firebase-iid:11.4.0] AndroidManifest.xml:19:5-78
	android:name
		ADDED from src\main\AndroidManifest.xml:12:22-76
uses-permission#android.permission.CHANGE_NETWORK_STATE
ADDED from src\main\AndroidManifest.xml:13:5-79
	android:name
		ADDED from src\main\AndroidManifest.xml:13:22-76
uses-permission#android.permission.WRITE_EXTERNAL_STORAGE
ADDED from src\main\AndroidManifest.xml:14:5-81
MERGED from [ChatDemoUI3.0:hmspush:unspecified] AndroidManifest.xml:14:5-81
	android:name
		ADDED from src\main\AndroidManifest.xml:14:22-78
uses-permission#android.permission.MOUNT_UNMOUNT_FILESYSTEMS
ADDED from src\main\AndroidManifest.xml:15:5-84
	android:name
		ADDED from src\main\AndroidManifest.xml:15:22-81
uses-permission#android.permission.ACCESS_FINE_LOCATION
ADDED from src\main\AndroidManifest.xml:16:5-79
	android:name
		ADDED from src\main\AndroidManifest.xml:16:22-76
uses-permission#android.permission.ACCESS_WIFI_STATE
ADDED from src\main\AndroidManifest.xml:17:5-76
MERGED from [ChatDemoUI3.0:hmspush:unspecified] AndroidManifest.xml:18:5-76
	android:name
		ADDED from src\main\AndroidManifest.xml:17:22-73
uses-permission#android.permission.CHANGE_WIFI_STATE
ADDED from src\main\AndroidManifest.xml:18:5-76
	android:name
		ADDED from src\main\AndroidManifest.xml:18:22-73
uses-permission#android.permission.WAKE_LOCK
ADDED from src\main\AndroidManifest.xml:19:5-68
MERGED from [com.google.firebase:firebase-analytics:11.4.0] AndroidManifest.xml:22:5-67
MERGED from [com.google.firebase:firebase-analytics-impl:11.4.0] AndroidManifest.xml:22:5-67
MERGED from [com.google.firebase:firebase-iid:11.4.0] AndroidManifest.xml:21:5-67
	android:name
		ADDED from src\main\AndroidManifest.xml:19:22-65
uses-permission#android.permission.MODIFY_AUDIO_SETTINGS
ADDED from src\main\AndroidManifest.xml:20:5-80
	android:name
		ADDED from src\main\AndroidManifest.xml:20:22-77
uses-permission#android.permission.READ_PHONE_STATE
ADDED from src\main\AndroidManifest.xml:21:5-75
MERGED from [ChatDemoUI3.0:hmspush:unspecified] AndroidManifest.xml:20:5-75
	android:name
		ADDED from src\main\AndroidManifest.xml:21:22-72
uses-permission#android.permission.RECEIVE_BOOT_COMPLETED
ADDED from src\main\AndroidManifest.xml:22:5-81
	android:name
		ADDED from src\main\AndroidManifest.xml:22:22-78
uses-permission#com.android.launcher.permission.READ_SETTINGS
ADDED from src\main\AndroidManifest.xml:23:5-85
	android:name
		ADDED from src\main\AndroidManifest.xml:23:22-82
uses-permission#android.permission.BROADCAST_STICKY
ADDED from src\main\AndroidManifest.xml:24:5-75
	android:name
		ADDED from src\main\AndroidManifest.xml:24:22-72
uses-permission#android.permission.REQUEST_IGNORE_BATTERY_OPTIMIZATIONS
ADDED from src\main\AndroidManifest.xml:25:5-95
	android:name
		ADDED from src\main\AndroidManifest.xml:25:22-92
uses-permission#android.permission.READ_LOGS
ADDED from src\main\AndroidManifest.xml:27:5-68
	android:name
		ADDED from src\main\AndroidManifest.xml:27:22-65
permission#com.hyphenate.schoolIM.permission.MIPUSH_RECEIVE
ADDED from src\main\AndroidManifest.xml:30:5-32:55
	android:protectionLevel
		ADDED from src\main\AndroidManifest.xml:32:9-52
	android:name
		ADDED from src\main\AndroidManifest.xml:31:9-72
uses-permission#com.hyphenate.chatuidemo.permission.MIPUSH_RECEIVE
ADDED from src\main\AndroidManifest.xml:34:5-90
	android:name
		ADDED from src\main\AndroidManifest.xml:34:22-87
uses-permission#android.permission.READ_EXTERNAL_STORAGE
ADDED from src\main\AndroidManifest.xml:35:5-80
	android:name
		ADDED from src\main\AndroidManifest.xml:35:22-77
application
ADDED from src\main\AndroidManifest.xml:37:5-420:19
MERGED from [com.google.android.gms:play-services-base:11.4.0] AndroidManifest.xml:18:5-20:19
MERGED from [com.android.support:appcompat-v7:24.2.1] AndroidManifest.xml:25:5-20
MERGED from [com.android.support:animated-vector-drawable:24.2.1] AndroidManifest.xml:22:5-20
MERGED from [com.android.support:support-vector-drawable:24.2.1] AndroidManifest.xml:23:5-20
MERGED from [com.google.firebase:firebase-messaging:11.4.0] AndroidManifest.xml:19:5-29:19
MERGED from [ChatDemoUI3.0:hmspush:unspecified] AndroidManifest.xml:22:5-94:19
MERGED from [com.huawei.android.hms:base:2.6.0.301] AndroidManifest.xml:9:5-21:19
MERGED from [com.google.firebase:firebase-core:11.4.0] AndroidManifest.xml:5:5-20
MERGED from [com.google.firebase:firebase-analytics:11.4.0] AndroidManifest.xml:24:5-34:19
MERGED from [com.google.firebase:firebase-analytics-impl:11.4.0] AndroidManifest.xml:24:5-28:19
MERGED from [com.google.firebase:firebase-iid:11.4.0] AndroidManifest.xml:28:5-49:19
MERGED from [com.google.firebase:firebase-common:11.4.0] AndroidManifest.xml:4:5-7:19
MERGED from [com.google.android.gms:play-services-tasks:11.4.0] AndroidManifest.xml:4:5-19
MERGED from [com.google.android.gms:play-services-basement:11.4.0] AndroidManifest.xml:19:5-21:19
MERGED from [com.android.support:support-v4:25.2.0] AndroidManifest.xml:25:5-20
MERGED from [com.android.support:support-fragment:25.2.0] AndroidManifest.xml:25:5-20
MERGED from [com.android.support:support-media-compat:25.2.0] AndroidManifest.xml:25:5-20
MERGED from [com.android.support:support-core-ui:25.2.0] AndroidManifest.xml:25:5-20
MERGED from [com.android.support:support-core-utils:25.2.0] AndroidManifest.xml:25:5-20
MERGED from [com.android.support:support-compat:25.2.0] AndroidManifest.xml:25:5-20
	android:label
		ADDED from src\main\AndroidManifest.xml:41:9-41
	android:allowBackup
		ADDED from src\main\AndroidManifest.xml:39:9-35
	android:icon
		ADDED from src\main\AndroidManifest.xml:40:9-48
	android:name
		ADDED from src\main\AndroidManifest.xml:38:9-60
activity#com.example.schoolIM.ui.MainActivity
ADDED from src\main\AndroidManifest.xml:42:9-47:55
	android:screenOrientation
		ADDED from src\main\AndroidManifest.xml:45:13-49
	android:launchMode
		ADDED from src\main\AndroidManifest.xml:44:13-44
	android:windowSoftInputMode
		ADDED from src\main\AndroidManifest.xml:47:13-52
	android:theme
		ADDED from src\main\AndroidManifest.xml:46:13-52
	android:name
		ADDED from src\main\AndroidManifest.xml:43:13-64
activity#com.example.schoolIM.ui.SplashActivity
ADDED from src\main\AndroidManifest.xml:50:9-59:20
	android:screenOrientation
		ADDED from src\main\AndroidManifest.xml:52:13-49
	android:theme
		ADDED from src\main\AndroidManifest.xml:53:13-52
	android:name
		ADDED from src\main\AndroidManifest.xml:51:13-66
intent-filter#android.intent.action.MAIN+android.intent.category.LAUNCHER
ADDED from src\main\AndroidManifest.xml:54:13-58:29
action#android.intent.action.MAIN
ADDED from src\main\AndroidManifest.xml:55:17-69
	android:name
		ADDED from src\main\AndroidManifest.xml:55:25-66
category#android.intent.category.LAUNCHER
ADDED from src\main\AndroidManifest.xml:57:17-77
	android:name
		ADDED from src\main\AndroidManifest.xml:57:27-74
activity#com.example.schoolIM.ui.LoginActivity
ADDED from src\main\AndroidManifest.xml:62:9-66:71
	android:screenOrientation
		ADDED from src\main\AndroidManifest.xml:64:13-49
	android:windowSoftInputMode
		ADDED from src\main\AndroidManifest.xml:66:13-68
	android:theme
		ADDED from src\main\AndroidManifest.xml:65:13-52
	android:name
		ADDED from src\main\AndroidManifest.xml:63:13-65
activity#com.example.schoolIM.ui.ServiceCheckActivity
ADDED from src\main\AndroidManifest.xml:69:9-73:71
	android:screenOrientation
		ADDED from src\main\AndroidManifest.xml:71:13-49
	android:windowSoftInputMode
		ADDED from src\main\AndroidManifest.xml:73:13-68
	android:theme
		ADDED from src\main\AndroidManifest.xml:72:13-52
	android:name
		ADDED from src\main\AndroidManifest.xml:70:13-72
activity#com.example.schoolIM.ui.RegisterActivity
ADDED from src\main\AndroidManifest.xml:76:9-80:71
	android:screenOrientation
		ADDED from src\main\AndroidManifest.xml:78:13-49
	android:windowSoftInputMode
		ADDED from src\main\AndroidManifest.xml:80:13-68
	android:theme
		ADDED from src\main\AndroidManifest.xml:79:13-52
	android:name
		ADDED from src\main\AndroidManifest.xml:77:13-68
activity#com.example.schoolIM.ui.ChatActivity
ADDED from src\main\AndroidManifest.xml:82:9-87:58
	android:screenOrientation
		ADDED from src\main\AndroidManifest.xml:85:13-49
	android:launchMode
		ADDED from src\main\AndroidManifest.xml:84:13-44
	android:windowSoftInputMode
		ADDED from src\main\AndroidManifest.xml:87:13-55
	android:theme
		ADDED from src\main\AndroidManifest.xml:86:13-52
	android:name
		ADDED from src\main\AndroidManifest.xml:83:13-64
activity#com.example.schoolIM.ui.AddContactActivity
ADDED from src\main\AndroidManifest.xml:89:9-93:58
	android:screenOrientation
		ADDED from src\main\AndroidManifest.xml:91:13-49
	android:windowSoftInputMode
		ADDED from src\main\AndroidManifest.xml:93:13-55
	android:theme
		ADDED from src\main\AndroidManifest.xml:92:13-52
	android:name
		ADDED from src\main\AndroidManifest.xml:90:13-70
activity#com.example.schoolIM.ui.GroupDetailsActivity
ADDED from src\main\AndroidManifest.xml:95:9-98:55
	android:screenOrientation
		ADDED from src\main\AndroidManifest.xml:97:13-49
	android:theme
		ADDED from src\main\AndroidManifest.xml:98:13-52
	android:name
		ADDED from src\main\AndroidManifest.xml:96:13-72
activity#com.example.schoolIM.ui.GroupsActivity
ADDED from src\main\AndroidManifest.xml:100:9-104:55
	android:screenOrientation
		ADDED from src\main\AndroidManifest.xml:102:13-49
	android:windowSoftInputMode
		ADDED from src\main\AndroidManifest.xml:104:13-52
	android:theme
		ADDED from src\main\AndroidManifest.xml:103:13-52
	android:name
		ADDED from src\main\AndroidManifest.xml:101:13-66
activity#com.example.schoolIM.ui.ChatRoomDetailsActivity
ADDED from src\main\AndroidManifest.xml:107:9-110:55
	android:screenOrientation
		ADDED from src\main\AndroidManifest.xml:109:13-49
	android:theme
		ADDED from src\main\AndroidManifest.xml:110:13-52
	android:name
		ADDED from src\main\AndroidManifest.xml:108:13-75
activity#com.example.schoolIM.ui.NewChatRoomActivity
ADDED from src\main\AndroidManifest.xml:112:9-116:55
	android:screenOrientation
		ADDED from src\main\AndroidManifest.xml:114:13-49
	android:windowSoftInputMode
		ADDED from src\main\AndroidManifest.xml:116:13-52
	android:theme
		ADDED from src\main\AndroidManifest.xml:115:13-52
	android:name
		ADDED from src\main\AndroidManifest.xml:113:13-71
activity#com.example.schoolIM.ui.NewGroupActivity
ADDED from src\main\AndroidManifest.xml:119:9-123:55
	android:screenOrientation
		ADDED from src\main\AndroidManifest.xml:121:13-49
	android:windowSoftInputMode
		ADDED from src\main\AndroidManifest.xml:123:13-52
	android:theme
		ADDED from src\main\AndroidManifest.xml:122:13-52
	android:name
		ADDED from src\main\AndroidManifest.xml:120:13-68
activity#com.example.schoolIM.ui.ExitGroupDialog
ADDED from src\main\AndroidManifest.xml:125:9-128:58
	android:screenOrientation
		ADDED from src\main\AndroidManifest.xml:127:13-49
	android:theme
		ADDED from src\main\AndroidManifest.xml:128:13-55
	android:name
		ADDED from src\main\AndroidManifest.xml:126:13-67
activity#com.example.schoolIM.ui.GroupPickContactsActivity
ADDED from src\main\AndroidManifest.xml:130:9-134:55
	android:screenOrientation
		ADDED from src\main\AndroidManifest.xml:132:13-49
	android:windowSoftInputMode
		ADDED from src\main\AndroidManifest.xml:134:13-52
	android:theme
		ADDED from src\main\AndroidManifest.xml:133:13-52
	android:name
		ADDED from src\main\AndroidManifest.xml:131:13-77
activity#com.example.schoolIM.ui.PickAtUserActivity
ADDED from src\main\AndroidManifest.xml:135:9-138:55
	android:screenOrientation
		ADDED from src\main\AndroidManifest.xml:137:13-49
	android:theme
		ADDED from src\main\AndroidManifest.xml:138:13-52
	android:name
		ADDED from src\main\AndroidManifest.xml:136:13-70
activity#com.hyphenate.easeui.ui.EaseBaiduMapActivity
ADDED from src\main\AndroidManifest.xml:140:9-143:55
	android:screenOrientation
		ADDED from src\main\AndroidManifest.xml:142:13-49
	android:theme
		ADDED from src\main\AndroidManifest.xml:143:13-52
	android:name
		ADDED from src\main\AndroidManifest.xml:141:13-72
activity#com.example.schoolIM.ui.NewFriendsMsgActivity
ADDED from src\main\AndroidManifest.xml:146:9-149:55
	android:screenOrientation
		ADDED from src\main\AndroidManifest.xml:148:13-49
	android:theme
		ADDED from src\main\AndroidManifest.xml:149:13-52
	android:name
		ADDED from src\main\AndroidManifest.xml:147:13-73
activity#com.example.schoolIM.ui.ForwardMessageActivity
ADDED from src\main\AndroidManifest.xml:151:9-155:55
	android:screenOrientation
		ADDED from src\main\AndroidManifest.xml:153:13-49
	android:windowSoftInputMode
		ADDED from src\main\AndroidManifest.xml:155:13-52
	android:theme
		ADDED from src\main\AndroidManifest.xml:154:13-52
	android:name
		ADDED from src\main\AndroidManifest.xml:152:13-74
activity#com.example.schoolIM.ui.ContextMenuActivity
ADDED from src\main\AndroidManifest.xml:157:9-160:52
	android:screenOrientation
		ADDED from src\main\AndroidManifest.xml:159:13-49
	android:theme
		ADDED from src\main\AndroidManifest.xml:160:13-49
	android:name
		ADDED from src\main\AndroidManifest.xml:158:13-71
activity#com.hyphenate.easeui.ui.EaseShowBigImageActivity
ADDED from src\main\AndroidManifest.xml:162:9-165:55
	android:screenOrientation
		ADDED from src\main\AndroidManifest.xml:164:13-49
	android:theme
		ADDED from src\main\AndroidManifest.xml:165:13-52
	android:name
		ADDED from src\main\AndroidManifest.xml:163:13-76
activity#com.hyphenate.easeui.ui.EaseShowNormalFileActivity
ADDED from src\main\AndroidManifest.xml:167:9-170:55
	android:screenOrientation
		ADDED from src\main\AndroidManifest.xml:169:13-49
	android:theme
		ADDED from src\main\AndroidManifest.xml:170:13-52
	android:name
		ADDED from src\main\AndroidManifest.xml:168:13-78
activity#com.example.schoolIM.ui.BlacklistActivity
ADDED from src\main\AndroidManifest.xml:172:9-175:55
	android:screenOrientation
		ADDED from src\main\AndroidManifest.xml:174:13-49
	android:theme
		ADDED from src\main\AndroidManifest.xml:175:13-52
	android:name
		ADDED from src\main\AndroidManifest.xml:173:13-69
activity#com.example.schoolIM.ui.PublicGroupsActivity
ADDED from src\main\AndroidManifest.xml:178:9-182:55
	android:screenOrientation
		ADDED from src\main\AndroidManifest.xml:180:13-49
	android:windowSoftInputMode
		ADDED from src\main\AndroidManifest.xml:182:13-52
	android:theme
		ADDED from src\main\AndroidManifest.xml:181:13-52
	android:name
		ADDED from src\main\AndroidManifest.xml:179:13-72
activity#com.example.schoolIM.ui.PublicChatRoomsActivity
ADDED from src\main\AndroidManifest.xml:183:9-187:55
	android:screenOrientation
		ADDED from src\main\AndroidManifest.xml:185:13-49
	android:windowSoftInputMode
		ADDED from src\main\AndroidManifest.xml:187:13-52
	android:theme
		ADDED from src\main\AndroidManifest.xml:186:13-52
	android:name
		ADDED from src\main\AndroidManifest.xml:184:13-75
activity#com.example.schoolIM.ui.VoiceCallActivity
ADDED from src\main\AndroidManifest.xml:190:9-194:51
	android:screenOrientation
		ADDED from src\main\AndroidManifest.xml:193:13-49
	android:launchMode
		ADDED from src\main\AndroidManifest.xml:192:13-44
	android:theme
		ADDED from src\main\AndroidManifest.xml:194:13-48
	android:name
		ADDED from src\main\AndroidManifest.xml:191:13-69
activity#com.example.schoolIM.ui.VideoCallActivity
ADDED from src\main\AndroidManifest.xml:196:9-201:55
	android:screenOrientation
		ADDED from src\main\AndroidManifest.xml:200:13-49
	android:launchMode
		ADDED from src\main\AndroidManifest.xml:199:13-44
	android:configChanges
		ADDED from src\main\AndroidManifest.xml:198:13-74
	android:theme
		ADDED from src\main\AndroidManifest.xml:201:13-52
	android:name
		ADDED from src\main\AndroidManifest.xml:197:13-69
activity#com.example.schoolIM.conference.ConferenceActivity
ADDED from src\main\AndroidManifest.xml:203:9-208:54
	android:screenOrientation
		ADDED from src\main\AndroidManifest.xml:207:13-49
	android:launchMode
		ADDED from src\main\AndroidManifest.xml:206:13-44
	android:configChanges
		ADDED from src\main\AndroidManifest.xml:205:13-74
	android:theme
		ADDED from src\main\AndroidManifest.xml:208:13-52
	android:name
		ADDED from src\main\AndroidManifest.xml:204:13-78
activity#com.example.schoolIM.conference.ConferenceInviteJoinActivity
ADDED from src\main\AndroidManifest.xml:210:9-214:54
	android:screenOrientation
		ADDED from src\main\AndroidManifest.xml:213:13-49
	android:configChanges
		ADDED from src\main\AndroidManifest.xml:212:13-74
	android:theme
		ADDED from src\main\AndroidManifest.xml:214:13-52
	android:name
		ADDED from src\main\AndroidManifest.xml:211:13-88
activity#com.example.schoolIM.ui.GroupSimpleDetailActivity
ADDED from src\main\AndroidManifest.xml:216:9-219:55
	android:screenOrientation
		ADDED from src\main\AndroidManifest.xml:218:13-49
	android:theme
		ADDED from src\main\AndroidManifest.xml:219:13-52
	android:name
		ADDED from src\main\AndroidManifest.xml:217:13-77
activity#com.example.schoolIM.ui.GroupBlacklistActivity
ADDED from src\main\AndroidManifest.xml:221:9-224:55
	android:screenOrientation
		ADDED from src\main\AndroidManifest.xml:223:13-49
	android:theme
		ADDED from src\main\AndroidManifest.xml:224:13-52
	android:name
		ADDED from src\main\AndroidManifest.xml:222:13-74
activity#com.example.schoolIM.ui.GroupSearchMessageActivity
ADDED from src\main\AndroidManifest.xml:225:9-229:58
	android:screenOrientation
		ADDED from src\main\AndroidManifest.xml:227:13-49
	android:windowSoftInputMode
		ADDED from src\main\AndroidManifest.xml:229:13-55
	android:theme
		ADDED from src\main\AndroidManifest.xml:228:13-52
	android:name
		ADDED from src\main\AndroidManifest.xml:226:13-78
activity#com.example.schoolIM.ui.PublicGroupsSeachActivity
ADDED from src\main\AndroidManifest.xml:230:9-233:55
	android:screenOrientation
		ADDED from src\main\AndroidManifest.xml:232:13-49
	android:theme
		ADDED from src\main\AndroidManifest.xml:233:13-52
	android:name
		ADDED from src\main\AndroidManifest.xml:231:13-77
activity#com.example.schoolIM.ui.EditActivity
ADDED from src\main\AndroidManifest.xml:234:9-238:58
	android:screenOrientation
		ADDED from src\main\AndroidManifest.xml:236:13-49
	android:windowSoftInputMode
		ADDED from src\main\AndroidManifest.xml:238:13-55
	android:theme
		ADDED from src\main\AndroidManifest.xml:237:13-52
	android:name
		ADDED from src\main\AndroidManifest.xml:235:13-64
activity#com.example.schoolIM.ui.SharedFilesActivity
ADDED from src\main\AndroidManifest.xml:239:9-242:15
	android:screenOrientation
		ADDED from src\main\AndroidManifest.xml:240:13-49
	android:theme
		ADDED from src\main\AndroidManifest.xml:241:13-52
	android:name
		ADDED from src\main\AndroidManifest.xml:239:19-77
activity#com.hyphenate.easeui.ui.EaseShowVideoActivity
ADDED from src\main\AndroidManifest.xml:243:9-247:63
	android:screenOrientation
		ADDED from src\main\AndroidManifest.xml:245:13-49
	android:windowSoftInputMode
		ADDED from src\main\AndroidManifest.xml:247:13-60
	android:theme
		ADDED from src\main\AndroidManifest.xml:246:13-52
	android:name
		ADDED from src\main\AndroidManifest.xml:244:13-73
activity#com.hyphenate.easeui.ui.EaseDingMsgSendActivity
ADDED from src\main\AndroidManifest.xml:249:9-253:63
	android:screenOrientation
		ADDED from src\main\AndroidManifest.xml:251:13-49
	android:windowSoftInputMode
		ADDED from src\main\AndroidManifest.xml:253:13-60
	android:theme
		ADDED from src\main\AndroidManifest.xml:252:13-52
	android:name
		ADDED from src\main\AndroidManifest.xml:250:13-75
activity#com.hyphenate.easeui.ui.EaseDingAckUserListActivity
ADDED from src\main\AndroidManifest.xml:255:9-259:63
	android:screenOrientation
		ADDED from src\main\AndroidManifest.xml:257:13-49
	android:windowSoftInputMode
		ADDED from src\main\AndroidManifest.xml:259:13-60
	android:theme
		ADDED from src\main\AndroidManifest.xml:258:13-52
	android:name
		ADDED from src\main\AndroidManifest.xml:256:13-79
activity#com.example.schoolIM.ui.ImageGridActivity
ADDED from src\main\AndroidManifest.xml:261:9-265:63
	android:screenOrientation
		ADDED from src\main\AndroidManifest.xml:263:13-49
	android:windowSoftInputMode
		ADDED from src\main\AndroidManifest.xml:265:13-60
	android:theme
		ADDED from src\main\AndroidManifest.xml:264:13-52
	android:name
		ADDED from src\main\AndroidManifest.xml:262:13-69
activity#com.example.schoolIM.ui.RecorderVideoActivity
ADDED from src\main\AndroidManifest.xml:266:9-270:63
	android:screenOrientation
		ADDED from src\main\AndroidManifest.xml:268:13-49
	android:windowSoftInputMode
		ADDED from src\main\AndroidManifest.xml:270:13-60
	android:theme
		ADDED from src\main\AndroidManifest.xml:269:13-52
	android:name
		ADDED from src\main\AndroidManifest.xml:267:13-73
activity#com.example.schoolIM.ui.DiagnoseActivity
ADDED from src\main\AndroidManifest.xml:272:9-276:63
	android:screenOrientation
		ADDED from src\main\AndroidManifest.xml:274:13-49
	android:windowSoftInputMode
		ADDED from src\main\AndroidManifest.xml:276:13-60
	android:theme
		ADDED from src\main\AndroidManifest.xml:275:13-52
	android:name
		ADDED from src\main\AndroidManifest.xml:273:13-68
activity#com.example.schoolIM.ui.MultiDeviceActivity
ADDED from src\main\AndroidManifest.xml:277:9-280:68
	android:screenOrientation
		ADDED from src\main\AndroidManifest.xml:278:19-55
	android:windowSoftInputMode
		ADDED from src\main\AndroidManifest.xml:280:19-66
	android:theme
		ADDED from src\main\AndroidManifest.xml:279:19-58
	android:name
		ADDED from src\main\AndroidManifest.xml:277:19-77
activity#com.example.schoolIM.ui.NamePasswordActivity
ADDED from src\main\AndroidManifest.xml:281:9-283:60
	android:screenOrientation
		ADDED from src\main\AndroidManifest.xml:282:19-55
	android:theme
		ADDED from src\main\AndroidManifest.xml:283:19-58
	android:name
		ADDED from src\main\AndroidManifest.xml:281:19-78
activity#com.example.schoolIM.ui.OfflinePushNickActivity
ADDED from src\main\AndroidManifest.xml:286:9-290:63
	android:screenOrientation
		ADDED from src\main\AndroidManifest.xml:288:13-49
	android:windowSoftInputMode
		ADDED from src\main\AndroidManifest.xml:290:13-60
	android:theme
		ADDED from src\main\AndroidManifest.xml:289:13-52
	android:name
		ADDED from src\main\AndroidManifest.xml:287:13-75
activity#com.example.schoolIM.ui.RobotsActivity
ADDED from src\main\AndroidManifest.xml:292:9-296:63
	android:screenOrientation
		ADDED from src\main\AndroidManifest.xml:294:13-49
	android:windowSoftInputMode
		ADDED from src\main\AndroidManifest.xml:296:13-60
	android:theme
		ADDED from src\main\AndroidManifest.xml:295:13-52
	android:name
		ADDED from src\main\AndroidManifest.xml:293:13-66
activity#com.example.schoolIM.ui.UserProfileActivity
ADDED from src\main\AndroidManifest.xml:298:9-301:55
	android:screenOrientation
		ADDED from src\main\AndroidManifest.xml:300:13-49
	android:theme
		ADDED from src\main\AndroidManifest.xml:301:13-52
	android:name
		ADDED from src\main\AndroidManifest.xml:299:13-71
activity#com.example.schoolIM.ui.SetServersActivity
ADDED from src\main\AndroidManifest.xml:302:9-305:55
	android:screenOrientation
		ADDED from src\main\AndroidManifest.xml:304:13-49
	android:theme
		ADDED from src\main\AndroidManifest.xml:305:13-52
	android:name
		ADDED from src\main\AndroidManifest.xml:303:13-70
activity#com.example.schoolIM.ui.OfflinePushSettingsActivity
ADDED from src\main\AndroidManifest.xml:306:9-309:55
	android:screenOrientation
		ADDED from src\main\AndroidManifest.xml:308:13-49
	android:theme
		ADDED from src\main\AndroidManifest.xml:309:13-52
	android:name
		ADDED from src\main\AndroidManifest.xml:307:13-79
activity#com.example.schoolIM.ui.CallOptionActivity
ADDED from src\main\AndroidManifest.xml:310:9-313:55
	android:screenOrientation
		ADDED from src\main\AndroidManifest.xml:312:13-49
	android:theme
		ADDED from src\main\AndroidManifest.xml:313:13-52
	android:name
		ADDED from src\main\AndroidManifest.xml:311:13-70
receiver#com.example.schoolIM.receiver.StartServiceReceiver
ADDED from src\main\AndroidManifest.xml:316:9-323:20
	android:name
		ADDED from src\main\AndroidManifest.xml:316:19-84
intent-filter#android.intent.action.BOOT_COMPLETED+android.intent.action.QUICKBOOT_POWERON+android.intent.category.LAUNCHER
ADDED from src\main\AndroidManifest.xml:317:13-322:29
	android:priority
		ADDED from src\main\AndroidManifest.xml:317:28-51
action#android.intent.action.BOOT_COMPLETED
ADDED from src\main\AndroidManifest.xml:318:17-79
	android:name
		ADDED from src\main\AndroidManifest.xml:318:25-76
action#android.intent.action.QUICKBOOT_POWERON
ADDED from src\main\AndroidManifest.xml:319:17-82
	android:name
		ADDED from src\main\AndroidManifest.xml:319:25-79
service#com.example.schoolIM.fcm.EMFCMMSGService
ADDED from src\main\AndroidManifest.xml:326:9-330:19
	android:name
		ADDED from src\main\AndroidManifest.xml:326:18-73
intent-filter#com.google.firebase.MESSAGING_EVENT
ADDED from src\main\AndroidManifest.xml:327:13-329:29
action#com.google.firebase.MESSAGING_EVENT
ADDED from src\main\AndroidManifest.xml:328:17-78
	android:name
		ADDED from src\main\AndroidManifest.xml:328:25-75
service#com.example.schoolIM.fcm.EMFCMTokenRefreshService
ADDED from src\main\AndroidManifest.xml:332:9-336:19
	android:name
		ADDED from src\main\AndroidManifest.xml:332:18-82
intent-filter#com.google.firebase.INSTANCE_ID_EVENT
ADDED from src\main\AndroidManifest.xml:333:13-335:29
action#com.google.firebase.INSTANCE_ID_EVENT
ADDED from src\main\AndroidManifest.xml:334:17-80
	android:name
		ADDED from src\main\AndroidManifest.xml:334:25-77
service#com.xiaomi.mipush.sdk.PushMessageHandler
ADDED from src\main\AndroidManifest.xml:340:9-344:46
	android:enabled
		ADDED from src\main\AndroidManifest.xml:342:13-35
	android:exported
		ADDED from src\main\AndroidManifest.xml:343:13-36
	tools:ignore
		ADDED from src\main\AndroidManifest.xml:344:13-43
	android:name
		ADDED from src\main\AndroidManifest.xml:341:13-68
service#com.xiaomi.mipush.sdk.MessageHandleService
ADDED from src\main\AndroidManifest.xml:345:9-347:38
	android:enabled
		ADDED from src\main\AndroidManifest.xml:347:13-35
	android:name
		ADDED from src\main\AndroidManifest.xml:346:13-70
receiver#com.hyphenate.chat.EMMipushReceiver
ADDED from src\main\AndroidManifest.xml:349:9-362:20
	android:exported
		ADDED from src\main\AndroidManifest.xml:351:13-36
	tools:ignore
		ADDED from src\main\AndroidManifest.xml:352:13-44
	android:name
		ADDED from src\main\AndroidManifest.xml:350:13-63
intent-filter#com.xiaomi.mipush.RECEIVE_MESSAGE
ADDED from src\main\AndroidManifest.xml:353:13-355:29
action#com.xiaomi.mipush.RECEIVE_MESSAGE
ADDED from src\main\AndroidManifest.xml:354:17-76
	android:name
		ADDED from src\main\AndroidManifest.xml:354:25-73
intent-filter#com.xiaomi.mipush.MESSAGE_ARRIVED
ADDED from src\main\AndroidManifest.xml:356:13-358:29
action#com.xiaomi.mipush.MESSAGE_ARRIVED
ADDED from src\main\AndroidManifest.xml:357:17-76
	android:name
		ADDED from src\main\AndroidManifest.xml:357:25-73
intent-filter#com.xiaomi.mipush.ERROR
ADDED from src\main\AndroidManifest.xml:359:13-361:29
action#com.xiaomi.mipush.ERROR
ADDED from src\main\AndroidManifest.xml:360:17-66
	android:name
		ADDED from src\main\AndroidManifest.xml:360:25-63
receiver#com.example.schoolIM.receiver.HMSPushReceiver
ADDED from src\main\AndroidManifest.xml:369:9-380:20
	android:name
		ADDED from src\main\AndroidManifest.xml:369:19-79
intent-filter#com.huawei.android.push.intent.CLICK+com.huawei.android.push.intent.RECEIVE+com.huawei.android.push.intent.REGISTRATION+com.huawei.intent.action.PUSH_STATE
ADDED from src\main\AndroidManifest.xml:370:13-379:29
action#com.huawei.android.push.intent.REGISTRATION
ADDED from src\main\AndroidManifest.xml:372:17-85
	android:name
		ADDED from src\main\AndroidManifest.xml:372:25-83
action#com.huawei.android.push.intent.RECEIVE
ADDED from src\main\AndroidManifest.xml:374:17-80
	android:name
		ADDED from src\main\AndroidManifest.xml:374:25-78
action#com.huawei.android.push.intent.CLICK